Performing C SOURCE FILE Test CMAKE_HAVE_LIBC_PTHREAD failed with the following output:
Change Dir: /home/mert/Desktop/cis410/project1/CMakeFiles/CMakeTmp

Run Build Command(s):/usr/bin/make -f Makefile cmTC_9fa78/fast && /usr/bin/make  -f CMakeFiles/cmTC_9fa78.dir/build.make CMakeFiles/cmTC_9fa78.dir/build
make[1]: Entering directory '/home/mert/Desktop/cis410/project1/CMakeFiles/CMakeTmp'
Building C object CMakeFiles/cmTC_9fa78.dir/src.c.o
/usr/bin/cc -DCMAKE_HAVE_LIBC_PTHREAD   -o CMakeFiles/cmTC_9fa78.dir/src.c.o -c /home/mert/Desktop/cis410/project1/CMakeFiles/CMakeTmp/src.c
Linking C executable cmTC_9fa78
/home/mert/Desktop/cis410/cmake-3.22.1/bin/cmake -E cmake_link_script CMakeFiles/cmTC_9fa78.dir/link.txt --verbose=1
/usr/bin/cc CMakeFiles/cmTC_9fa78.dir/src.c.o -o cmTC_9fa78 
CMakeFiles/cmTC_9fa78.dir/src.c.o: In function `main':
src.c:(.text+0x3e): undefined reference to `pthread_create'
src.c:(.text+0x4a): undefined reference to `pthread_detach'
src.c:(.text+0x56): undefined reference to `pthread_cancel'
src.c:(.text+0x67): undefined reference to `pthread_join'
src.c:(.text+0x7b): undefined reference to `pthread_atfork'
collect2: error: ld returned 1 exit status
CMakeFiles/cmTC_9fa78.dir/build.make:98: recipe for target 'cmTC_9fa78' failed
make[1]: *** [cmTC_9fa78] Error 1
make[1]: Leaving directory '/home/mert/Desktop/cis410/project1/CMakeFiles/CMakeTmp'
Makefile:127: recipe for target 'cmTC_9fa78/fast' failed
make: *** [cmTC_9fa78/fast] Error 2


Source file was:
#include <pthread.h>

static void* test_func(void* data)
{
  return data;
}

int main(void)
{
  pthread_t thread;
  pthread_create(&thread, NULL, test_func, NULL);
  pthread_detach(thread);
  pthread_cancel(thread);
  pthread_join(thread, NULL);
  pthread_atfork(NULL, NULL, NULL);
  pthread_exit(NULL);

  return 0;
}

Determining if the function pthread_create exists in the pthreads failed with the following output:
Change Dir: /home/mert/Desktop/cis410/project1/CMakeFiles/CMakeTmp

Run Build Command(s):/usr/bin/make -f Makefile cmTC_c1e74/fast && /usr/bin/make  -f CMakeFiles/cmTC_c1e74.dir/build.make CMakeFiles/cmTC_c1e74.dir/build
make[1]: Entering directory '/home/mert/Desktop/cis410/project1/CMakeFiles/CMakeTmp'
Building C object CMakeFiles/cmTC_c1e74.dir/CheckFunctionExists.c.o
/usr/bin/cc   -DCHECK_FUNCTION_EXISTS=pthread_create -o CMakeFiles/cmTC_c1e74.dir/CheckFunctionExists.c.o -c /home/mert/Desktop/cis410/cmake-3.22.1/Modules/CheckFunctionExists.c
Linking C executable cmTC_c1e74
/home/mert/Desktop/cis410/cmake-3.22.1/bin/cmake -E cmake_link_script CMakeFiles/cmTC_c1e74.dir/link.txt --verbose=1
/usr/bin/cc  -DCHECK_FUNCTION_EXISTS=pthread_create CMakeFiles/cmTC_c1e74.dir/CheckFunctionExists.c.o -o cmTC_c1e74  -lpthreads 
/usr/bin/ld: cannot find -lpthreads
collect2: error: ld returned 1 exit status
CMakeFiles/cmTC_c1e74.dir/build.make:98: recipe for target 'cmTC_c1e74' failed
make[1]: *** [cmTC_c1e74] Error 1
make[1]: Leaving directory '/home/mert/Desktop/cis410/project1/CMakeFiles/CMakeTmp'
Makefile:127: recipe for target 'cmTC_c1e74/fast' failed
make: *** [cmTC_c1e74/fast] Error 2



Performing C SOURCE FILE Test CMAKE_HAVE_LIBC_PTHREAD failed with the following output:
Change Dir: /home/mert/Desktop/cis410/project1/CMakeFiles/CMakeTmp

Run Build Command(s):/usr/bin/make -f Makefile cmTC_b1f2a/fast && /usr/bin/make  -f CMakeFiles/cmTC_b1f2a.dir/build.make CMakeFiles/cmTC_b1f2a.dir/build
make[1]: Entering directory '/home/mert/Desktop/cis410/project1/CMakeFiles/CMakeTmp'
Building C object CMakeFiles/cmTC_b1f2a.dir/src.c.o
/usr/bin/cc -DCMAKE_HAVE_LIBC_PTHREAD   -o CMakeFiles/cmTC_b1f2a.dir/src.c.o -c /home/mert/Desktop/cis410/project1/CMakeFiles/CMakeTmp/src.c
Linking C executable cmTC_b1f2a
/home/mert/Desktop/cis410/cmake-3.22.1/bin/cmake -E cmake_link_script CMakeFiles/cmTC_b1f2a.dir/link.txt --verbose=1
/usr/bin/cc CMakeFiles/cmTC_b1f2a.dir/src.c.o -o cmTC_b1f2a 
CMakeFiles/cmTC_b1f2a.dir/src.c.o: In function `main':
src.c:(.text+0x3e): undefined reference to `pthread_create'
src.c:(.text+0x4a): undefined reference to `pthread_detach'
src.c:(.text+0x56): undefined reference to `pthread_cancel'
src.c:(.text+0x67): undefined reference to `pthread_join'
src.c:(.text+0x7b): undefined reference to `pthread_atfork'
collect2: error: ld returned 1 exit status
CMakeFiles/cmTC_b1f2a.dir/build.make:98: recipe for target 'cmTC_b1f2a' failed
make[1]: *** [cmTC_b1f2a] Error 1
make[1]: Leaving directory '/home/mert/Desktop/cis410/project1/CMakeFiles/CMakeTmp'
Makefile:127: recipe for target 'cmTC_b1f2a/fast' failed
make: *** [cmTC_b1f2a/fast] Error 2


Source file was:
#include <pthread.h>

static void* test_func(void* data)
{
  return data;
}

int main(void)
{
  pthread_t thread;
  pthread_create(&thread, NULL, test_func, NULL);
  pthread_detach(thread);
  pthread_cancel(thread);
  pthread_join(thread, NULL);
  pthread_atfork(NULL, NULL, NULL);
  pthread_exit(NULL);

  return 0;
}

Determining if the function pthread_create exists in the pthreads failed with the following output:
Change Dir: /home/mert/Desktop/cis410/project1/CMakeFiles/CMakeTmp

Run Build Command(s):/usr/bin/make -f Makefile cmTC_f1471/fast && /usr/bin/make  -f CMakeFiles/cmTC_f1471.dir/build.make CMakeFiles/cmTC_f1471.dir/build
make[1]: Entering directory '/home/mert/Desktop/cis410/project1/CMakeFiles/CMakeTmp'
Building C object CMakeFiles/cmTC_f1471.dir/CheckFunctionExists.c.o
/usr/bin/cc   -DCHECK_FUNCTION_EXISTS=pthread_create -o CMakeFiles/cmTC_f1471.dir/CheckFunctionExists.c.o -c /home/mert/Desktop/cis410/cmake-3.22.1/Modules/CheckFunctionExists.c
Linking C executable cmTC_f1471
/home/mert/Desktop/cis410/cmake-3.22.1/bin/cmake -E cmake_link_script CMakeFiles/cmTC_f1471.dir/link.txt --verbose=1
/usr/bin/cc  -DCHECK_FUNCTION_EXISTS=pthread_create CMakeFiles/cmTC_f1471.dir/CheckFunctionExists.c.o -o cmTC_f1471  -lpthreads 
/usr/bin/ld: cannot find -lpthreads
collect2: error: ld returned 1 exit status
CMakeFiles/cmTC_f1471.dir/build.make:98: recipe for target 'cmTC_f1471' failed
make[1]: *** [cmTC_f1471] Error 1
make[1]: Leaving directory '/home/mert/Desktop/cis410/project1/CMakeFiles/CMakeTmp'
Makefile:127: recipe for target 'cmTC_f1471/fast' failed
make: *** [cmTC_f1471/fast] Error 2



Performing C SOURCE FILE Test CMAKE_HAVE_LIBC_PTHREAD failed with the following output:
Change Dir: /home/mert/Desktop/cis410/project1/CMakeFiles/CMakeTmp

Run Build Command(s):/usr/bin/make -f Makefile cmTC_672d2/fast && /usr/bin/make  -f CMakeFiles/cmTC_672d2.dir/build.make CMakeFiles/cmTC_672d2.dir/build
make[1]: Entering directory '/home/mert/Desktop/cis410/project1/CMakeFiles/CMakeTmp'
Building C object CMakeFiles/cmTC_672d2.dir/src.c.o
/usr/bin/cc -DCMAKE_HAVE_LIBC_PTHREAD   -o CMakeFiles/cmTC_672d2.dir/src.c.o -c /home/mert/Desktop/cis410/project1/CMakeFiles/CMakeTmp/src.c
Linking C executable cmTC_672d2
/home/mert/Desktop/cis410/cmake-3.22.1/bin/cmake -E cmake_link_script CMakeFiles/cmTC_672d2.dir/link.txt --verbose=1
/usr/bin/cc CMakeFiles/cmTC_672d2.dir/src.c.o -o cmTC_672d2 
CMakeFiles/cmTC_672d2.dir/src.c.o: In function `main':
src.c:(.text+0x3e): undefined reference to `pthread_create'
src.c:(.text+0x4a): undefined reference to `pthread_detach'
src.c:(.text+0x56): undefined reference to `pthread_cancel'
src.c:(.text+0x67): undefined reference to `pthread_join'
src.c:(.text+0x7b): undefined reference to `pthread_atfork'
collect2: error: ld returned 1 exit status
CMakeFiles/cmTC_672d2.dir/build.make:98: recipe for target 'cmTC_672d2' failed
make[1]: *** [cmTC_672d2] Error 1
make[1]: Leaving directory '/home/mert/Desktop/cis410/project1/CMakeFiles/CMakeTmp'
Makefile:127: recipe for target 'cmTC_672d2/fast' failed
make: *** [cmTC_672d2/fast] Error 2


Source file was:
#include <pthread.h>

static void* test_func(void* data)
{
  return data;
}

int main(void)
{
  pthread_t thread;
  pthread_create(&thread, NULL, test_func, NULL);
  pthread_detach(thread);
  pthread_cancel(thread);
  pthread_join(thread, NULL);
  pthread_atfork(NULL, NULL, NULL);
  pthread_exit(NULL);

  return 0;
}

Determining if the function pthread_create exists in the pthreads failed with the following output:
Change Dir: /home/mert/Desktop/cis410/project1/CMakeFiles/CMakeTmp

Run Build Command(s):/usr/bin/make -f Makefile cmTC_f6554/fast && /usr/bin/make  -f CMakeFiles/cmTC_f6554.dir/build.make CMakeFiles/cmTC_f6554.dir/build
make[1]: Entering directory '/home/mert/Desktop/cis410/project1/CMakeFiles/CMakeTmp'
Building C object CMakeFiles/cmTC_f6554.dir/CheckFunctionExists.c.o
/usr/bin/cc   -DCHECK_FUNCTION_EXISTS=pthread_create -o CMakeFiles/cmTC_f6554.dir/CheckFunctionExists.c.o -c /home/mert/Desktop/cis410/cmake-3.22.1/Modules/CheckFunctionExists.c
Linking C executable cmTC_f6554
/home/mert/Desktop/cis410/cmake-3.22.1/bin/cmake -E cmake_link_script CMakeFiles/cmTC_f6554.dir/link.txt --verbose=1
/usr/bin/cc  -DCHECK_FUNCTION_EXISTS=pthread_create CMakeFiles/cmTC_f6554.dir/CheckFunctionExists.c.o -o cmTC_f6554  -lpthreads 
/usr/bin/ld: cannot find -lpthreads
collect2: error: ld returned 1 exit status
CMakeFiles/cmTC_f6554.dir/build.make:98: recipe for target 'cmTC_f6554' failed
make[1]: *** [cmTC_f6554] Error 1
make[1]: Leaving directory '/home/mert/Desktop/cis410/project1/CMakeFiles/CMakeTmp'
Makefile:127: recipe for target 'cmTC_f6554/fast' failed
make: *** [cmTC_f6554/fast] Error 2



Performing C SOURCE FILE Test CMAKE_HAVE_LIBC_PTHREAD failed with the following output:
Change Dir: /home/mert/Desktop/cis410/project1/CMakeFiles/CMakeTmp

Run Build Command(s):/usr/bin/make -f Makefile cmTC_1d4ad/fast && /usr/bin/make  -f CMakeFiles/cmTC_1d4ad.dir/build.make CMakeFiles/cmTC_1d4ad.dir/build
make[1]: Entering directory '/home/mert/Desktop/cis410/project1/CMakeFiles/CMakeTmp'
Building C object CMakeFiles/cmTC_1d4ad.dir/src.c.o
/usr/bin/cc -DCMAKE_HAVE_LIBC_PTHREAD   -o CMakeFiles/cmTC_1d4ad.dir/src.c.o -c /home/mert/Desktop/cis410/project1/CMakeFiles/CMakeTmp/src.c
Linking C executable cmTC_1d4ad
/home/mert/Desktop/cis410/cmake-3.22.1/bin/cmake -E cmake_link_script CMakeFiles/cmTC_1d4ad.dir/link.txt --verbose=1
/usr/bin/cc CMakeFiles/cmTC_1d4ad.dir/src.c.o -o cmTC_1d4ad 
CMakeFiles/cmTC_1d4ad.dir/src.c.o: In function `main':
src.c:(.text+0x3e): undefined reference to `pthread_create'
src.c:(.text+0x4a): undefined reference to `pthread_detach'
src.c:(.text+0x56): undefined reference to `pthread_cancel'
src.c:(.text+0x67): undefined reference to `pthread_join'
src.c:(.text+0x7b): undefined reference to `pthread_atfork'
collect2: error: ld returned 1 exit status
CMakeFiles/cmTC_1d4ad.dir/build.make:98: recipe for target 'cmTC_1d4ad' failed
make[1]: *** [cmTC_1d4ad] Error 1
make[1]: Leaving directory '/home/mert/Desktop/cis410/project1/CMakeFiles/CMakeTmp'
Makefile:127: recipe for target 'cmTC_1d4ad/fast' failed
make: *** [cmTC_1d4ad/fast] Error 2


Source file was:
#include <pthread.h>

static void* test_func(void* data)
{
  return data;
}

int main(void)
{
  pthread_t thread;
  pthread_create(&thread, NULL, test_func, NULL);
  pthread_detach(thread);
  pthread_cancel(thread);
  pthread_join(thread, NULL);
  pthread_atfork(NULL, NULL, NULL);
  pthread_exit(NULL);

  return 0;
}

Determining if the function pthread_create exists in the pthreads failed with the following output:
Change Dir: /home/mert/Desktop/cis410/project1/CMakeFiles/CMakeTmp

Run Build Command(s):/usr/bin/make -f Makefile cmTC_ab00e/fast && /usr/bin/make  -f CMakeFiles/cmTC_ab00e.dir/build.make CMakeFiles/cmTC_ab00e.dir/build
make[1]: Entering directory '/home/mert/Desktop/cis410/project1/CMakeFiles/CMakeTmp'
Building C object CMakeFiles/cmTC_ab00e.dir/CheckFunctionExists.c.o
/usr/bin/cc   -DCHECK_FUNCTION_EXISTS=pthread_create -o CMakeFiles/cmTC_ab00e.dir/CheckFunctionExists.c.o -c /home/mert/Desktop/cis410/cmake-3.22.1/Modules/CheckFunctionExists.c
Linking C executable cmTC_ab00e
/home/mert/Desktop/cis410/cmake-3.22.1/bin/cmake -E cmake_link_script CMakeFiles/cmTC_ab00e.dir/link.txt --verbose=1
/usr/bin/cc  -DCHECK_FUNCTION_EXISTS=pthread_create CMakeFiles/cmTC_ab00e.dir/CheckFunctionExists.c.o -o cmTC_ab00e  -lpthreads 
/usr/bin/ld: cannot find -lpthreads
collect2: error: ld returned 1 exit status
CMakeFiles/cmTC_ab00e.dir/build.make:98: recipe for target 'cmTC_ab00e' failed
make[1]: *** [cmTC_ab00e] Error 1
make[1]: Leaving directory '/home/mert/Desktop/cis410/project1/CMakeFiles/CMakeTmp'
Makefile:127: recipe for target 'cmTC_ab00e/fast' failed
make: *** [cmTC_ab00e/fast] Error 2



Performing C SOURCE FILE Test CMAKE_HAVE_LIBC_PTHREAD failed with the following output:
Change Dir: /home/mert/Desktop/cis410/project1/CMakeFiles/CMakeTmp

Run Build Command(s):/usr/bin/make -f Makefile cmTC_f131a/fast && /usr/bin/make  -f CMakeFiles/cmTC_f131a.dir/build.make CMakeFiles/cmTC_f131a.dir/build
make[1]: Entering directory '/home/mert/Desktop/cis410/project1/CMakeFiles/CMakeTmp'
Building C object CMakeFiles/cmTC_f131a.dir/src.c.o
/usr/bin/cc -DCMAKE_HAVE_LIBC_PTHREAD   -o CMakeFiles/cmTC_f131a.dir/src.c.o -c /home/mert/Desktop/cis410/project1/CMakeFiles/CMakeTmp/src.c
Linking C executable cmTC_f131a
/home/mert/Desktop/cis410/cmake-3.22.1/bin/cmake -E cmake_link_script CMakeFiles/cmTC_f131a.dir/link.txt --verbose=1
/usr/bin/cc CMakeFiles/cmTC_f131a.dir/src.c.o -o cmTC_f131a 
CMakeFiles/cmTC_f131a.dir/src.c.o: In function `main':
src.c:(.text+0x3e): undefined reference to `pthread_create'
src.c:(.text+0x4a): undefined reference to `pthread_detach'
src.c:(.text+0x56): undefined reference to `pthread_cancel'
src.c:(.text+0x67): undefined reference to `pthread_join'
src.c:(.text+0x7b): undefined reference to `pthread_atfork'
collect2: error: ld returned 1 exit status
CMakeFiles/cmTC_f131a.dir/build.make:98: recipe for target 'cmTC_f131a' failed
make[1]: *** [cmTC_f131a] Error 1
make[1]: Leaving directory '/home/mert/Desktop/cis410/project1/CMakeFiles/CMakeTmp'
Makefile:127: recipe for target 'cmTC_f131a/fast' failed
make: *** [cmTC_f131a/fast] Error 2


Source file was:
#include <pthread.h>

static void* test_func(void* data)
{
  return data;
}

int main(void)
{
  pthread_t thread;
  pthread_create(&thread, NULL, test_func, NULL);
  pthread_detach(thread);
  pthread_cancel(thread);
  pthread_join(thread, NULL);
  pthread_atfork(NULL, NULL, NULL);
  pthread_exit(NULL);

  return 0;
}

Determining if the function pthread_create exists in the pthreads failed with the following output:
Change Dir: /home/mert/Desktop/cis410/project1/CMakeFiles/CMakeTmp

Run Build Command(s):/usr/bin/make -f Makefile cmTC_bda84/fast && /usr/bin/make  -f CMakeFiles/cmTC_bda84.dir/build.make CMakeFiles/cmTC_bda84.dir/build
make[1]: Entering directory '/home/mert/Desktop/cis410/project1/CMakeFiles/CMakeTmp'
Building C object CMakeFiles/cmTC_bda84.dir/CheckFunctionExists.c.o
/usr/bin/cc   -DCHECK_FUNCTION_EXISTS=pthread_create -o CMakeFiles/cmTC_bda84.dir/CheckFunctionExists.c.o -c /home/mert/Desktop/cis410/cmake-3.22.1/Modules/CheckFunctionExists.c
Linking C executable cmTC_bda84
/home/mert/Desktop/cis410/cmake-3.22.1/bin/cmake -E cmake_link_script CMakeFiles/cmTC_bda84.dir/link.txt --verbose=1
/usr/bin/cc  -DCHECK_FUNCTION_EXISTS=pthread_create CMakeFiles/cmTC_bda84.dir/CheckFunctionExists.c.o -o cmTC_bda84  -lpthreads 
/usr/bin/ld: cannot find -lpthreads
collect2: error: ld returned 1 exit status
CMakeFiles/cmTC_bda84.dir/build.make:98: recipe for target 'cmTC_bda84' failed
make[1]: *** [cmTC_bda84] Error 1
make[1]: Leaving directory '/home/mert/Desktop/cis410/project1/CMakeFiles/CMakeTmp'
Makefile:127: recipe for target 'cmTC_bda84/fast' failed
make: *** [cmTC_bda84/fast] Error 2



Performing C SOURCE FILE Test CMAKE_HAVE_LIBC_PTHREAD failed with the following output:
Change Dir: /home/mert/Desktop/cis410/project1/CMakeFiles/CMakeTmp

Run Build Command(s):/usr/bin/make -f Makefile cmTC_4be26/fast && /usr/bin/make  -f CMakeFiles/cmTC_4be26.dir/build.make CMakeFiles/cmTC_4be26.dir/build
make[1]: Entering directory '/home/mert/Desktop/cis410/project1/CMakeFiles/CMakeTmp'
Building C object CMakeFiles/cmTC_4be26.dir/src.c.o
/usr/bin/cc -DCMAKE_HAVE_LIBC_PTHREAD   -o CMakeFiles/cmTC_4be26.dir/src.c.o -c /home/mert/Desktop/cis410/project1/CMakeFiles/CMakeTmp/src.c
Linking C executable cmTC_4be26
/home/mert/Desktop/cis410/cmake-3.22.1/bin/cmake -E cmake_link_script CMakeFiles/cmTC_4be26.dir/link.txt --verbose=1
/usr/bin/cc CMakeFiles/cmTC_4be26.dir/src.c.o -o cmTC_4be26 
CMakeFiles/cmTC_4be26.dir/src.c.o: In function `main':
src.c:(.text+0x3e): undefined reference to `pthread_create'
src.c:(.text+0x4a): undefined reference to `pthread_detach'
src.c:(.text+0x56): undefined reference to `pthread_cancel'
src.c:(.text+0x67): undefined reference to `pthread_join'
src.c:(.text+0x7b): undefined reference to `pthread_atfork'
collect2: error: ld returned 1 exit status
CMakeFiles/cmTC_4be26.dir/build.make:98: recipe for target 'cmTC_4be26' failed
make[1]: *** [cmTC_4be26] Error 1
make[1]: Leaving directory '/home/mert/Desktop/cis410/project1/CMakeFiles/CMakeTmp'
Makefile:127: recipe for target 'cmTC_4be26/fast' failed
make: *** [cmTC_4be26/fast] Error 2


Source file was:
#include <pthread.h>

static void* test_func(void* data)
{
  return data;
}

int main(void)
{
  pthread_t thread;
  pthread_create(&thread, NULL, test_func, NULL);
  pthread_detach(thread);
  pthread_cancel(thread);
  pthread_join(thread, NULL);
  pthread_atfork(NULL, NULL, NULL);
  pthread_exit(NULL);

  return 0;
}

Determining if the function pthread_create exists in the pthreads failed with the following output:
Change Dir: /home/mert/Desktop/cis410/project1/CMakeFiles/CMakeTmp

Run Build Command(s):/usr/bin/make -f Makefile cmTC_64b7d/fast && /usr/bin/make  -f CMakeFiles/cmTC_64b7d.dir/build.make CMakeFiles/cmTC_64b7d.dir/build
make[1]: Entering directory '/home/mert/Desktop/cis410/project1/CMakeFiles/CMakeTmp'
Building C object CMakeFiles/cmTC_64b7d.dir/CheckFunctionExists.c.o
/usr/bin/cc   -DCHECK_FUNCTION_EXISTS=pthread_create -o CMakeFiles/cmTC_64b7d.dir/CheckFunctionExists.c.o -c /home/mert/Desktop/cis410/cmake-3.22.1/Modules/CheckFunctionExists.c
Linking C executable cmTC_64b7d
/home/mert/Desktop/cis410/cmake-3.22.1/bin/cmake -E cmake_link_script CMakeFiles/cmTC_64b7d.dir/link.txt --verbose=1
/usr/bin/cc  -DCHECK_FUNCTION_EXISTS=pthread_create CMakeFiles/cmTC_64b7d.dir/CheckFunctionExists.c.o -o cmTC_64b7d  -lpthreads 
/usr/bin/ld: cannot find -lpthreads
collect2: error: ld returned 1 exit status
CMakeFiles/cmTC_64b7d.dir/build.make:98: recipe for target 'cmTC_64b7d' failed
make[1]: *** [cmTC_64b7d] Error 1
make[1]: Leaving directory '/home/mert/Desktop/cis410/project1/CMakeFiles/CMakeTmp'
Makefile:127: recipe for target 'cmTC_64b7d/fast' failed
make: *** [cmTC_64b7d/fast] Error 2



Performing C SOURCE FILE Test CMAKE_HAVE_LIBC_PTHREAD failed with the following output:
Change Dir: /home/mert/Desktop/cis410/project1/CMakeFiles/CMakeTmp

Run Build Command(s):/usr/bin/make -f Makefile cmTC_fbf65/fast && /usr/bin/make  -f CMakeFiles/cmTC_fbf65.dir/build.make CMakeFiles/cmTC_fbf65.dir/build
make[1]: Entering directory '/home/mert/Desktop/cis410/project1/CMakeFiles/CMakeTmp'
Building C object CMakeFiles/cmTC_fbf65.dir/src.c.o
/usr/bin/cc -DCMAKE_HAVE_LIBC_PTHREAD   -o CMakeFiles/cmTC_fbf65.dir/src.c.o -c /home/mert/Desktop/cis410/project1/CMakeFiles/CMakeTmp/src.c
Linking C executable cmTC_fbf65
/home/mert/Desktop/cis410/cmake-3.22.1/bin/cmake -E cmake_link_script CMakeFiles/cmTC_fbf65.dir/link.txt --verbose=1
/usr/bin/cc CMakeFiles/cmTC_fbf65.dir/src.c.o -o cmTC_fbf65 
CMakeFiles/cmTC_fbf65.dir/src.c.o: In function `main':
src.c:(.text+0x3e): undefined reference to `pthread_create'
src.c:(.text+0x4a): undefined reference to `pthread_detach'
src.c:(.text+0x56): undefined reference to `pthread_cancel'
src.c:(.text+0x67): undefined reference to `pthread_join'
src.c:(.text+0x7b): undefined reference to `pthread_atfork'
collect2: error: ld returned 1 exit status
CMakeFiles/cmTC_fbf65.dir/build.make:98: recipe for target 'cmTC_fbf65' failed
make[1]: *** [cmTC_fbf65] Error 1
make[1]: Leaving directory '/home/mert/Desktop/cis410/project1/CMakeFiles/CMakeTmp'
Makefile:127: recipe for target 'cmTC_fbf65/fast' failed
make: *** [cmTC_fbf65/fast] Error 2


Source file was:
#include <pthread.h>

static void* test_func(void* data)
{
  return data;
}

int main(void)
{
  pthread_t thread;
  pthread_create(&thread, NULL, test_func, NULL);
  pthread_detach(thread);
  pthread_cancel(thread);
  pthread_join(thread, NULL);
  pthread_atfork(NULL, NULL, NULL);
  pthread_exit(NULL);

  return 0;
}

Determining if the function pthread_create exists in the pthreads failed with the following output:
Change Dir: /home/mert/Desktop/cis410/project1/CMakeFiles/CMakeTmp

Run Build Command(s):/usr/bin/make -f Makefile cmTC_c45be/fast && /usr/bin/make  -f CMakeFiles/cmTC_c45be.dir/build.make CMakeFiles/cmTC_c45be.dir/build
make[1]: Entering directory '/home/mert/Desktop/cis410/project1/CMakeFiles/CMakeTmp'
Building C object CMakeFiles/cmTC_c45be.dir/CheckFunctionExists.c.o
/usr/bin/cc   -DCHECK_FUNCTION_EXISTS=pthread_create -o CMakeFiles/cmTC_c45be.dir/CheckFunctionExists.c.o -c /home/mert/Desktop/cis410/cmake-3.22.1/Modules/CheckFunctionExists.c
Linking C executable cmTC_c45be
/home/mert/Desktop/cis410/cmake-3.22.1/bin/cmake -E cmake_link_script CMakeFiles/cmTC_c45be.dir/link.txt --verbose=1
/usr/bin/cc  -DCHECK_FUNCTION_EXISTS=pthread_create CMakeFiles/cmTC_c45be.dir/CheckFunctionExists.c.o -o cmTC_c45be  -lpthreads 
/usr/bin/ld: cannot find -lpthreads
collect2: error: ld returned 1 exit status
CMakeFiles/cmTC_c45be.dir/build.make:98: recipe for target 'cmTC_c45be' failed
make[1]: *** [cmTC_c45be] Error 1
make[1]: Leaving directory '/home/mert/Desktop/cis410/project1/CMakeFiles/CMakeTmp'
Makefile:127: recipe for target 'cmTC_c45be/fast' failed
make: *** [cmTC_c45be/fast] Error 2



Performing C SOURCE FILE Test CMAKE_HAVE_LIBC_PTHREAD failed with the following output:
Change Dir: /home/mert/Desktop/cis410/project1/CMakeFiles/CMakeTmp

Run Build Command(s):/usr/bin/make -f Makefile cmTC_0ab43/fast && /usr/bin/make  -f CMakeFiles/cmTC_0ab43.dir/build.make CMakeFiles/cmTC_0ab43.dir/build
make[1]: Entering directory '/home/mert/Desktop/cis410/project1/CMakeFiles/CMakeTmp'
Building C object CMakeFiles/cmTC_0ab43.dir/src.c.o
/usr/bin/cc -DCMAKE_HAVE_LIBC_PTHREAD   -o CMakeFiles/cmTC_0ab43.dir/src.c.o -c /home/mert/Desktop/cis410/project1/CMakeFiles/CMakeTmp/src.c
Linking C executable cmTC_0ab43
/home/mert/Desktop/cis410/cmake-3.22.1/bin/cmake -E cmake_link_script CMakeFiles/cmTC_0ab43.dir/link.txt --verbose=1
/usr/bin/cc CMakeFiles/cmTC_0ab43.dir/src.c.o -o cmTC_0ab43 
CMakeFiles/cmTC_0ab43.dir/src.c.o: In function `main':
src.c:(.text+0x3e): undefined reference to `pthread_create'
src.c:(.text+0x4a): undefined reference to `pthread_detach'
src.c:(.text+0x56): undefined reference to `pthread_cancel'
src.c:(.text+0x67): undefined reference to `pthread_join'
src.c:(.text+0x7b): undefined reference to `pthread_atfork'
collect2: error: ld returned 1 exit status
CMakeFiles/cmTC_0ab43.dir/build.make:98: recipe for target 'cmTC_0ab43' failed
make[1]: *** [cmTC_0ab43] Error 1
make[1]: Leaving directory '/home/mert/Desktop/cis410/project1/CMakeFiles/CMakeTmp'
Makefile:127: recipe for target 'cmTC_0ab43/fast' failed
make: *** [cmTC_0ab43/fast] Error 2


Source file was:
#include <pthread.h>

static void* test_func(void* data)
{
  return data;
}

int main(void)
{
  pthread_t thread;
  pthread_create(&thread, NULL, test_func, NULL);
  pthread_detach(thread);
  pthread_cancel(thread);
  pthread_join(thread, NULL);
  pthread_atfork(NULL, NULL, NULL);
  pthread_exit(NULL);

  return 0;
}

Determining if the function pthread_create exists in the pthreads failed with the following output:
Change Dir: /home/mert/Desktop/cis410/project1/CMakeFiles/CMakeTmp

Run Build Command(s):/usr/bin/make -f Makefile cmTC_2e6cd/fast && /usr/bin/make  -f CMakeFiles/cmTC_2e6cd.dir/build.make CMakeFiles/cmTC_2e6cd.dir/build
make[1]: Entering directory '/home/mert/Desktop/cis410/project1/CMakeFiles/CMakeTmp'
Building C object CMakeFiles/cmTC_2e6cd.dir/CheckFunctionExists.c.o
/usr/bin/cc   -DCHECK_FUNCTION_EXISTS=pthread_create -o CMakeFiles/cmTC_2e6cd.dir/CheckFunctionExists.c.o -c /home/mert/Desktop/cis410/cmake-3.22.1/Modules/CheckFunctionExists.c
Linking C executable cmTC_2e6cd
/home/mert/Desktop/cis410/cmake-3.22.1/bin/cmake -E cmake_link_script CMakeFiles/cmTC_2e6cd.dir/link.txt --verbose=1
/usr/bin/cc  -DCHECK_FUNCTION_EXISTS=pthread_create CMakeFiles/cmTC_2e6cd.dir/CheckFunctionExists.c.o -o cmTC_2e6cd  -lpthreads 
/usr/bin/ld: cannot find -lpthreads
collect2: error: ld returned 1 exit status
CMakeFiles/cmTC_2e6cd.dir/build.make:98: recipe for target 'cmTC_2e6cd' failed
make[1]: *** [cmTC_2e6cd] Error 1
make[1]: Leaving directory '/home/mert/Desktop/cis410/project1/CMakeFiles/CMakeTmp'
Makefile:127: recipe for target 'cmTC_2e6cd/fast' failed
make: *** [cmTC_2e6cd/fast] Error 2



Performing C SOURCE FILE Test CMAKE_HAVE_LIBC_PTHREAD failed with the following output:
Change Dir: /home/mert/Desktop/cis410/project1/CMakeFiles/CMakeTmp

Run Build Command(s):/usr/bin/make -f Makefile cmTC_106b0/fast && /usr/bin/make  -f CMakeFiles/cmTC_106b0.dir/build.make CMakeFiles/cmTC_106b0.dir/build
make[1]: Entering directory '/home/mert/Desktop/cis410/project1/CMakeFiles/CMakeTmp'
Building C object CMakeFiles/cmTC_106b0.dir/src.c.o
/usr/bin/cc -DCMAKE_HAVE_LIBC_PTHREAD   -o CMakeFiles/cmTC_106b0.dir/src.c.o -c /home/mert/Desktop/cis410/project1/CMakeFiles/CMakeTmp/src.c
Linking C executable cmTC_106b0
/home/mert/Desktop/cis410/cmake-3.22.1/bin/cmake -E cmake_link_script CMakeFiles/cmTC_106b0.dir/link.txt --verbose=1
/usr/bin/cc CMakeFiles/cmTC_106b0.dir/src.c.o -o cmTC_106b0 
CMakeFiles/cmTC_106b0.dir/src.c.o: In function `main':
src.c:(.text+0x3e): undefined reference to `pthread_create'
src.c:(.text+0x4a): undefined reference to `pthread_detach'
src.c:(.text+0x56): undefined reference to `pthread_cancel'
src.c:(.text+0x67): undefined reference to `pthread_join'
src.c:(.text+0x7b): undefined reference to `pthread_atfork'
collect2: error: ld returned 1 exit status
CMakeFiles/cmTC_106b0.dir/build.make:98: recipe for target 'cmTC_106b0' failed
make[1]: *** [cmTC_106b0] Error 1
make[1]: Leaving directory '/home/mert/Desktop/cis410/project1/CMakeFiles/CMakeTmp'
Makefile:127: recipe for target 'cmTC_106b0/fast' failed
make: *** [cmTC_106b0/fast] Error 2


Source file was:
#include <pthread.h>

static void* test_func(void* data)
{
  return data;
}

int main(void)
{
  pthread_t thread;
  pthread_create(&thread, NULL, test_func, NULL);
  pthread_detach(thread);
  pthread_cancel(thread);
  pthread_join(thread, NULL);
  pthread_atfork(NULL, NULL, NULL);
  pthread_exit(NULL);

  return 0;
}

Determining if the function pthread_create exists in the pthreads failed with the following output:
Change Dir: /home/mert/Desktop/cis410/project1/CMakeFiles/CMakeTmp

Run Build Command(s):/usr/bin/make -f Makefile cmTC_1cc73/fast && /usr/bin/make  -f CMakeFiles/cmTC_1cc73.dir/build.make CMakeFiles/cmTC_1cc73.dir/build
make[1]: Entering directory '/home/mert/Desktop/cis410/project1/CMakeFiles/CMakeTmp'
Building C object CMakeFiles/cmTC_1cc73.dir/CheckFunctionExists.c.o
/usr/bin/cc   -DCHECK_FUNCTION_EXISTS=pthread_create -o CMakeFiles/cmTC_1cc73.dir/CheckFunctionExists.c.o -c /home/mert/Desktop/cis410/cmake-3.22.1/Modules/CheckFunctionExists.c
Linking C executable cmTC_1cc73
/home/mert/Desktop/cis410/cmake-3.22.1/bin/cmake -E cmake_link_script CMakeFiles/cmTC_1cc73.dir/link.txt --verbose=1
/usr/bin/cc  -DCHECK_FUNCTION_EXISTS=pthread_create CMakeFiles/cmTC_1cc73.dir/CheckFunctionExists.c.o -o cmTC_1cc73  -lpthreads 
/usr/bin/ld: cannot find -lpthreads
collect2: error: ld returned 1 exit status
CMakeFiles/cmTC_1cc73.dir/build.make:98: recipe for target 'cmTC_1cc73' failed
make[1]: *** [cmTC_1cc73] Error 1
make[1]: Leaving directory '/home/mert/Desktop/cis410/project1/CMakeFiles/CMakeTmp'
Makefile:127: recipe for target 'cmTC_1cc73/fast' failed
make: *** [cmTC_1cc73/fast] Error 2



Performing C SOURCE FILE Test CMAKE_HAVE_LIBC_PTHREAD failed with the following output:
Change Dir: /home/mert/Desktop/cis410/project1/CMakeFiles/CMakeTmp

Run Build Command(s):/usr/bin/make -f Makefile cmTC_38fb9/fast && /usr/bin/make  -f CMakeFiles/cmTC_38fb9.dir/build.make CMakeFiles/cmTC_38fb9.dir/build
make[1]: Entering directory '/home/mert/Desktop/cis410/project1/CMakeFiles/CMakeTmp'
Building C object CMakeFiles/cmTC_38fb9.dir/src.c.o
/usr/bin/cc -DCMAKE_HAVE_LIBC_PTHREAD   -o CMakeFiles/cmTC_38fb9.dir/src.c.o -c /home/mert/Desktop/cis410/project1/CMakeFiles/CMakeTmp/src.c
Linking C executable cmTC_38fb9
/home/mert/Desktop/cis410/cmake-3.22.1/bin/cmake -E cmake_link_script CMakeFiles/cmTC_38fb9.dir/link.txt --verbose=1
/usr/bin/cc CMakeFiles/cmTC_38fb9.dir/src.c.o -o cmTC_38fb9 
CMakeFiles/cmTC_38fb9.dir/src.c.o: In function `main':
src.c:(.text+0x3e): undefined reference to `pthread_create'
src.c:(.text+0x4a): undefined reference to `pthread_detach'
src.c:(.text+0x56): undefined reference to `pthread_cancel'
src.c:(.text+0x67): undefined reference to `pthread_join'
src.c:(.text+0x7b): undefined reference to `pthread_atfork'
collect2: error: ld returned 1 exit status
CMakeFiles/cmTC_38fb9.dir/build.make:98: recipe for target 'cmTC_38fb9' failed
make[1]: *** [cmTC_38fb9] Error 1
make[1]: Leaving directory '/home/mert/Desktop/cis410/project1/CMakeFiles/CMakeTmp'
Makefile:127: recipe for target 'cmTC_38fb9/fast' failed
make: *** [cmTC_38fb9/fast] Error 2


Source file was:
#include <pthread.h>

static void* test_func(void* data)
{
  return data;
}

int main(void)
{
  pthread_t thread;
  pthread_create(&thread, NULL, test_func, NULL);
  pthread_detach(thread);
  pthread_cancel(thread);
  pthread_join(thread, NULL);
  pthread_atfork(NULL, NULL, NULL);
  pthread_exit(NULL);

  return 0;
}

Determining if the function pthread_create exists in the pthreads failed with the following output:
Change Dir: /home/mert/Desktop/cis410/project1/CMakeFiles/CMakeTmp

Run Build Command(s):/usr/bin/make -f Makefile cmTC_fde03/fast && /usr/bin/make  -f CMakeFiles/cmTC_fde03.dir/build.make CMakeFiles/cmTC_fde03.dir/build
make[1]: Entering directory '/home/mert/Desktop/cis410/project1/CMakeFiles/CMakeTmp'
Building C object CMakeFiles/cmTC_fde03.dir/CheckFunctionExists.c.o
/usr/bin/cc   -DCHECK_FUNCTION_EXISTS=pthread_create -o CMakeFiles/cmTC_fde03.dir/CheckFunctionExists.c.o -c /home/mert/Desktop/cis410/cmake-3.22.1/Modules/CheckFunctionExists.c
Linking C executable cmTC_fde03
/home/mert/Desktop/cis410/cmake-3.22.1/bin/cmake -E cmake_link_script CMakeFiles/cmTC_fde03.dir/link.txt --verbose=1
/usr/bin/cc  -DCHECK_FUNCTION_EXISTS=pthread_create CMakeFiles/cmTC_fde03.dir/CheckFunctionExists.c.o -o cmTC_fde03  -lpthreads 
/usr/bin/ld: cannot find -lpthreads
collect2: error: ld returned 1 exit status
CMakeFiles/cmTC_fde03.dir/build.make:98: recipe for target 'cmTC_fde03' failed
make[1]: *** [cmTC_fde03] Error 1
make[1]: Leaving directory '/home/mert/Desktop/cis410/project1/CMakeFiles/CMakeTmp'
Makefile:127: recipe for target 'cmTC_fde03/fast' failed
make: *** [cmTC_fde03/fast] Error 2



